BasicRadioAndroid-master (2)/app/build/outputs/logs/manifest-merger-debug-report.txt
-- Merging decision tree log ---
manifest
ADDED from src\main\AndroidManifest.xml:2:1-66:12
	package
		ADDED from src\main\AndroidManifest.xml:3:3-38
		INJECTED from src\main\AndroidManifest.xml
		INJECTED from src\main\AndroidManifest.xml
	android:versionName
		ADDED from src\main\AndroidManifest.xml:5:3-28
		INJECTED from src\main\AndroidManifest.xml
		INJECTED from src\main\AndroidManifest.xml
	android:versionCode
		ADDED from src\main\AndroidManifest.xml:4:3-26
		INJECTED from src\main\AndroidManifest.xml
		INJECTED from src\main\AndroidManifest.xml
	xmlns:android
		ADDED from src\main\AndroidManifest.xml:2:11-69
uses-sdk
ADDED from src\main\AndroidManifest.xml:7:3-10:37
MERGED from [com.android.support:design:23.4.0] AndroidManifest.xml:20:5-43
MERGED from [com.android.support:recyclerview-v7:23.4.0] AndroidManifest.xml:20:5-43
MERGED from [com.android.support:support-v4:24.0.0] AndroidManifest.xml:21:5-23:54
MERGED from [com.android.support:appcompat-v7:23.4.0] AndroidManifest.xml:21:5-23:78
MERGED from [com.android.support:animated-vector-drawable:23.4.0] AndroidManifest.xml:5:5-44
MERGED from [com.android.support:support-vector-drawable:23.4.0] AndroidManifest.xml:5:5-43
MERGED from [com.android.support:support-v13:23.4.0] AndroidManifest.xml:20:5-44
MERGED from [com.google.android.gms:play-services-ads:10.2.1] AndroidManifest.xml:17:5-43
MERGED from [com.google.android.gms:play-services-ads-lite:10.2.1] AndroidManifest.xml:22:5-43
MERGED from [com.google.android.gms:play-services-basement:10.2.1] AndroidManifest.xml:17:5-43
MERGED from [com.google.android.gms:play-services-base:10.2.1] AndroidManifest.xml:17:5-43
MERGED from [com.google.android.gms:play-services-tasks:10.2.1] AndroidManifest.xml:3:5-43
MERGED from [com.google.android.gms:play-services-clearcut:10.2.1] AndroidManifest.xml:17:5-43
MERGED from [com.google.android.gms:play-services-gass:10.2.1] AndroidManifest.xml:3:5-43
	tools:overrideLibrary
		ADDED from [com.android.support:support-v4:24.0.0] AndroidManifest.xml:23:9-51
	android:maxSdkVersion
		ADDED from src\main\AndroidManifest.xml:8:5-31
	android:targetSdkVersion
		ADDED from src\main\AndroidManifest.xml:10:5-34
		INJECTED from src\main\AndroidManifest.xml
		INJECTED from src\main\AndroidManifest.xml
	android:minSdkVersion
		ADDED from src\main\AndroidManifest.xml:9:5-31
		INJECTED from src\main\AndroidManifest.xml
		INJECTED from src\main\AndroidManifest.xml
uses-permission#android.permission.INTERNET
ADDED from src\main\AndroidManifest.xml:12:3-65
MERGED from [com.google.android.gms:play-services-ads-lite:10.2.1] AndroidManifest.xml:19:5-66
	android:name
		ADDED from src\main\AndroidManifest.xml:12:20-62
uses-feature#android.hardware.telephony
ADDED from src\main\AndroidManifest.xml:14:3-16:32
	android:required
		ADDED from src\main\AndroidManifest.xml:16:5-29
	android:name
		ADDED from src\main\AndroidManifest.xml:15:5-46
uses-permission#android.permission.ACCESS_NETWORK_STATE
ADDED from src\main\AndroidManifest.xml:18:3-77
MERGED from [com.google.android.gms:play-services-ads-lite:10.2.1] AndroidManifest.xml:20:5-78
	android:name
		ADDED from src\main\AndroidManifest.xml:18:20-74
uses-permission#android.permission.WRITE_EXTERNAL_STORAGE
ADDED from src\main\AndroidManifest.xml:20:3-79
	android:name
		ADDED from src\main\AndroidManifest.xml:20:20-76
uses-permission#android.permission.READ_PHONE_STATE
ADDED from src\main\AndroidManifest.xml:21:3-73
	android:name
		ADDED from src\main\AndroidManifest.xml:21:20-70
uses-permission#android.permission.READ_EXTERNAL_STORAGE
ADDED from src\main\AndroidManifest.xml:22:3-78
	android:name
		ADDED from src\main\AndroidManifest.xml:22:20-75
application
ADDED from src\main\AndroidManifest.xml:24:3-64:17
MERGED from [com.android.support:design:23.4.0] AndroidManifest.xml:22:5-20
MERGED from [com.android.support:support-v4:24.0.0] AndroidManifest.xml:25:5-20
MERGED from [com.android.support:appcompat-v7:23.4.0] AndroidManifest.xml:25:5-20
MERGED from [com.android.support:animated-vector-drawable:23.4.0] AndroidManifest.xml:7:5-20
MERGED from [com.android.support:support-vector-drawable:23.4.0] AndroidManifest.xml:7:5-20
MERGED from [com.android.support:support-v13:23.4.0] AndroidManifest.xml:22:5-20
MERGED from [com.google.android.gms:play-services-ads-lite:10.2.1] AndroidManifest.xml:23:5-27:19
MERGED from [com.google.android.gms:play-services-basement:10.2.1] AndroidManifest.xml:19:5-21:19
MERGED from [com.google.android.gms:play-services-base:10.2.1] AndroidManifest.xml:18:5-20:19
MERGED from [com.google.android.gms:play-services-tasks:10.2.1] AndroidManifest.xml:4:5-19
MERGED from [com.google.android.gms:play-services-clearcut:10.2.1] AndroidManifest.xml:18:5-19
MERGED from [com.google.android.gms:play-services-gass:10.2.1] AndroidManifest.xml:4:5-19
	android:largeScreens
		ADDED from src\main\AndroidManifest.xml:28:5-32
	android:label
		ADDED from src\main\AndroidManifest.xml:27:5-37
	android:allowBackup
		ADDED from src\main\AndroidManifest.xml:25:5-31
	android:icon
		ADDED from src\main\AndroidManifest.xml:26:5-34
	android:theme
		ADDED from src\main\AndroidManifest.xml:29:5-44
activity#com.clickgostudio.air1072.MainActivity
ADDED from src\main\AndroidManifest.xml:30:5-38:16
	android:label
		ADDED from src\main\AndroidManifest.xml:32:7-39
	android:name
		ADDED from src\main\AndroidManifest.xml:31:7-35
intent-filter#android.intent.action.MAIN+android.intent.category.LAUNCHER
ADDED from src\main\AndroidManifest.xml:33:7-37:23
action#android.intent.action.MAIN
ADDED from src\main\AndroidManifest.xml:34:9-61
	android:name
		ADDED from src\main\AndroidManifest.xml:34:17-58
category#android.intent.category.LAUNCHER
ADDED from src\main\AndroidManifest.xml:36:9-69
	android:name
		ADDED from src\main\AndroidManifest.xml:36:19-66
service#com.clickgostudio.air1072.RadioMediaPlayerService
ADDED from src\main\AndroidManifest.xml:40:5-43:64
	android:enabled
		ADDED from src\main\AndroidManifest.xml:42:7-29
	android:permission
		ADDED from src\main\AndroidManifest.xml:43:7-61
	android:name
		ADDED from src\main\AndroidManifest.xml:41:7-46
receiver#com.clickgostudio.air1072.IntentReceiver
ADDED from src\main\AndroidManifest.xml:45:5-49:16
	android:name
		ADDED from src\main\AndroidManifest.xml:45:15-45
intent-filter#android.media.AUDIO_BECOMING_NOISY
ADDED from src\main\AndroidManifest.xml:46:7-48:23
action#android.media.AUDIO_BECOMING_NOISY
ADDED from src\main\AndroidManifest.xml:47:9-69
	android:name
		ADDED from src\main\AndroidManifest.xml:47:17-66
activity#com.clickgostudio.air1072.Settings
ADDED from src\main\AndroidManifest.xml:51:5-42
	android:name
		ADDED from src\main\AndroidManifest.xml:51:15-39
meta-data#com.google.android.gms.version
ADDED from src\main\AndroidManifest.xml:56:5-58:63
MERGED from [com.google.android.gms:play-services-basement:10.2.1] AndroidManifest.xml:20:9-121
	android:value
		ADDED from src\main\AndroidManifest.xml:58:7-60
	android:name
		ADDED from src\main\AndroidManifest.xml:57:7-52
activity#com.clickgostudio.air1072.MainActivity1
ADDED from src\main\AndroidManifest.xml:60:5-62:54
	android:label
		ADDED from src\main\AndroidManifest.xml:62:7-51
	android:name
		ADDED from src\main\AndroidManifest.xml:61:7-36
activity#com.clickgostudio.air1072.contactUS
ADDED from src\main\AndroidManifest.xml:63:5-52
	android:name
		ADDED from src\main\AndroidManifest.xml:63:15-40
activity#com.google.android.gms.ads.AdActivity
ADDED from [com.google.android.gms:play-services-ads-lite:10.2.1] AndroidManifest.xml:25:9-232
	android:configChanges
		ADDED from [com.google.android.gms:play-services-ads-lite:10.2.1] AndroidManifest.xml:25:72-181
	android:theme
		ADDED from [com.google.android.gms:play-services-ads-lite:10.2.1] AndroidManifest.xml:25:182-230
	android:name
		ADDED from [com.google.android.gms:play-services-ads-lite:10.2.1] AndroidManifest.xml:25:19-71
activity#com.google.android.gms.ads.purchase.InAppPurchaseActivity
ADDED from [com.google.android.gms:play-services-ads-lite:10.2.1] AndroidManifest.xml:26:9-131
	android:theme
		ADDED from [com.google.android.gms:play-services-ads-lite:10.2.1] AndroidManifest.xml:26:92-129
	android:name
		ADDED from [com.google.android.gms:play-services-ads-lite:10.2.1] AndroidManifest.xml:26:19-91
activity#com.google.android.gms.common.api.GoogleApiActivity
ADDED from [com.google.android.gms:play-services-base:10.2.1] AndroidManifest.xml:19:9-172
	android:exported
		ADDED from [com.google.android.gms:play-services-base:10.2.1] AndroidManifest.xml:19:146-170
	android:theme
		ADDED from [com.google.android.gms:play-services-base:10.2.1] AndroidManifest.xml:19:86-145
	android:name
		ADDED from [com.google.android.gms:play-services-base:10.2.1] AndroidManifest.xml:19:19-85